{
  "stats": {
    "suites": 1,
    "tests": 2,
    "passes": 2,
    "pending": 0,
    "failures": 0,
    "start": "2026-04-18T14:48:37.001Z",
    "end": "2026-04-18T14:49:11.767Z",
    "duration": 34766,
    "testsRegistered": 2,
    "passPercent": 100,
    "pendingPercent": 0,
    "other": 0,
    "hasOther": false,
    "skipped": 0,
    "hasSkipped": false
  },
  "results": [
    {
      "uuid": "ad8f6c54-4b0c-47ab-b19e-2ce325e59890",
      "title": "",
      "fullFile": "C:\\Users\\kenin\\Documents\\Web Automation - Digital Skola\\test\\Test-1.js",
      "file": "\\test\\Test-1.js",
      "beforeHooks": [],
      "afterHooks": [],
      "tests": [],
      "suites": [
        {
          "uuid": "daf072bb-de77-4be5-b63b-b9384fdd85cb",
          "title": "Saucedemo Automation Test",
          "fullFile": "C:\\Users\\kenin\\Documents\\Web Automation - Digital Skola\\test\\Test-1.js",
          "file": "\\test\\Test-1.js",
          "beforeHooks": [],
          "afterHooks": [],
          "tests": [
            {
              "title": "Open Saucedemo page and verify the title",
              "fullTitle": "Saucedemo Automation Test Open Saucedemo page and verify the title",
              "timedOut": false,
              "duration": 30987,
              "state": "passed",
              "speed": "slow",
              "pass": true,
              "fail": false,
              "pending": false,
              "context": null,
              "code": "options.addArguments('--incognito');\ndriver = await new Builder()\n    .forBrowser('chrome')\n    .setChromeOptions(options)\n    .build();\nawait driver.get('https://www.saucedemo.com/')\nawait driver.manage().window().fullscreen()\nlet inputUsername = await driver.findElement(By.xpath('//*[@id=\"user-name\"]'))\nlet inputPassword = await driver.findElement(By.xpath('//*[@id=\"password\"]'))\nlet loginButton = await driver.findElement(By.xpath('//*[@id=\"login-button\"]'))\nawait inputUsername.sendKeys('standard_user')\nawait inputPassword.sendKeys('secret_sauce')\nawait loginButton.click()\nawait driver.wait(until.elementLocated(By.className('app_logo')), 50000)\nlet appLogo = await driver.findElement(By.className('app_logo'))\nawait appLogo.isDisplayed()\nawait driver.takeScreenshot()\n    \nawait driver.quit()",
              "err": {},
              "uuid": "bed94242-c2e5-430a-a8cb-f8c076d3c0a9",
              "parentUUID": "daf072bb-de77-4be5-b63b-b9384fdd85cb",
              "isHook": false,
              "skipped": false
            },
            {
              "title": "Open Saucedemo page and sort the product",
              "fullTitle": "Saucedemo Automation Test Open Saucedemo page and sort the product",
              "timedOut": false,
              "duration": 3757,
              "state": "passed",
              "speed": "slow",
              "pass": true,
              "fail": false,
              "pending": false,
              "context": null,
              "code": "options.addArguments('--incognito');\ndriver = await new Builder()\n    .forBrowser('chrome')\n    .setChromeOptions(options)\n    .build();\nawait driver.get('https://www.saucedemo.com/')\nawait driver.manage().window().fullscreen()\nlet inputUsername = await driver.findElement(By.xpath('//*[@id=\"user-name\"]'))\nlet inputPassword = await driver.findElement(By.xpath('//*[@id=\"password\"]'))\nlet loginButton = await driver.findElement(By.xpath('//*[@id=\"login-button\"]'))\nawait inputUsername.sendKeys('standard_user')\nawait inputPassword.sendKeys('secret_sauce')\nawait loginButton.click()\nawait driver.wait(until.elementLocated(By.xpath('//*[@data-test=\"product-sort-container\"]')), 50000)\nlet productSort = await driver.findElement(By.xpath('//*[@data-test=\"product-sort-container\"]'))\nawait productSort.isDisplayed()\n\nawait productSort.click()\nawait productSort.findElement(By.css(\"option[value='za']\")).click()\nawait driver.takeScreenshot()\nawait driver.quit()",
              "err": {},
              "uuid": "6cade503-837f-4b0c-ba95-3f2ee5bff73f",
              "parentUUID": "daf072bb-de77-4be5-b63b-b9384fdd85cb",
              "isHook": false,
              "skipped": false
            }
          ],
          "suites": [],
          "passes": [
            "bed94242-c2e5-430a-a8cb-f8c076d3c0a9",
            "6cade503-837f-4b0c-ba95-3f2ee5bff73f"
          ],
          "failures": [],
          "pending": [],
          "skipped": [],
          "duration": 34744,
          "root": false,
          "rootEmpty": false,
          "_timeout": 60000
        }
      ],
      "passes": [],
      "failures": [],
      "pending": [],
      "skipped": [],
      "duration": 0,
      "root": true,
      "rootEmpty": true,
      "_timeout": 60000
    }
  ],
  "meta": {
    "mocha": {
      "version": "10.8.2"
    },
    "mochawesome": {
      "options": {
        "quiet": false,
        "reportFilename": "mochawesome",
        "saveHtml": true,
        "saveJson": true,
        "consoleReporter": "spec",
        "useInlineDiffs": false,
        "code": true
      },
      "version": "7.1.4"
    },
    "marge": {
      "options": null,
      "version": "6.3.2"
    }
  }
}